{"D:\\GitHub\\greenspanx\\x-drone-challenge\\src\\algorithm\\Allocator.ts": {"path":"D:\\GitHub\\greenspanx\\x-drone-challenge\\src\\algorithm\\Allocator.ts","statementMap":{"0":{"start":{"line":1,"column":0},"end":{"line":1,"column":13}},"1":{"start":{"line":6,"column":8},"end":{"line":6,"column":29}},"2":{"start":{"line":7,"column":8},"end":{"line":7,"column":37}},"3":{"start":{"line":8,"column":8},"end":{"line":8,"column":40}},"4":{"start":{"line":10,"column":8},"end":{"line":12,"column":null}},"5":{"start":{"line":10,"column":20},"end":{"line":10,"column":21}},"6":{"start":{"line":11,"column":12},"end":{"line":11,"column":55}},"7":{"start":{"line":15,"column":4},"end":{"line":20,"column":null}},"8":{"start":{"line":16,"column":8},"end":{"line":16,"column":51}},"9":{"start":{"line":17,"column":8},"end":{"line":19,"column":11}},"10":{"start":{"line":18,"column":12},"end":{"line":18,"column":53}},"11":{"start":{"line":24,"column":4},"end":{"line":48,"column":null}},"12":{"start":{"line":26,"column":24},"end":{"line":26,"column":48}},"13":{"start":{"line":27,"column":23},"end":{"line":27,"column":35}},"14":{"start":{"line":30,"column":8},"end":{"line":40,"column":null}},"15":{"start":{"line":31,"column":12},"end":{"line":34,"column":null}},"16":{"start":{"line":31,"column":25},"end":{"line":31,"column":26}},"17":{"start":{"line":32,"column":16},"end":{"line":32,"column":59}},"18":{"start":{"line":36,"column":12},"end":{"line":38,"column":null}},"19":{"start":{"line":36,"column":25},"end":{"line":36,"column":26}},"20":{"start":{"line":37,"column":16},"end":{"line":37,"column":64}},"21":{"start":{"line":39,"column":12},"end":{"line":39,"column":24}},"22":{"start":{"line":42,"column":8},"end":{"line":44,"column":null}},"23":{"start":{"line":42,"column":21},"end":{"line":42,"column":22}},"24":{"start":{"line":43,"column":12},"end":{"line":43,"column":55}},"25":{"start":{"line":46,"column":8},"end":{"line":46,"column":34}},"26":{"start":{"line":50,"column":0},"end":{"line":50,"column":null}},"27":{"start":{"line":1,"column":13},"end":{"line":1,"column":22}}},"fnMap":{"0":{"name":"(anonymous_0)","decl":{"start":{"line":1,"column":0},"end":{"line":1,"column":13}},"loc":{"start":{"line":1,"column":0},"end":{"line":50,"column":null}}},"1":{"name":"Allocator","decl":{"start":{"line":5,"column":4},"end":{"line":5,"column":16}},"loc":{"start":{"line":5,"column":50},"end":{"line":13,"column":5}}},"2":{"name":"(anonymous_2)","decl":{"start":{"line":15,"column":4},"end":{"line":15,"column":12}},"loc":{"start":{"line":15,"column":4},"end":{"line":20,"column":5}}},"3":{"name":"(anonymous_3)","decl":{"start":{"line":17,"column":37},"end":{"line":17,"column":38}},"loc":{"start":{"line":17,"column":49},"end":{"line":19,"column":9}}},"4":{"name":"(anonymous_4)","decl":{"start":{"line":24,"column":4},"end":{"line":24,"column":11}},"loc":{"start":{"line":24,"column":35},"end":{"line":48,"column":5}}}},"branchMap":{"0":{"loc":{"start":{"line":30,"column":8},"end":{"line":40,"column":null}},"type":"if","locations":[{"start":{"line":30,"column":8},"end":{"line":40,"column":null}},{"start":{"line":30,"column":8},"end":{"line":40,"column":null}}]}},"s":{"0":2,"1":7,"2":7,"3":7,"4":7,"5":7,"6":17,"7":2,"8":7,"9":7,"10":17,"11":2,"12":72,"13":72,"14":72,"15":7,"16":7,"17":5,"18":7,"19":7,"20":17,"21":7,"22":65,"23":65,"24":108,"25":65,"26":2,"27":2},"f":{"0":2,"1":7,"2":7,"3":17,"4":72},"b":{"0":[7,65]}}
,"D:\\GitHub\\greenspanx\\x-drone-challenge\\src\\algorithm\\DeduplicateCoordinate.ts": {"path":"D:\\GitHub\\greenspanx\\x-drone-challenge\\src\\algorithm\\DeduplicateCoordinate.ts","statementMap":{"0":{"start":{"line":5,"column":0},"end":{"line":5,"column":13}},"1":{"start":{"line":7,"column":18},"end":{"line":9,"column":null}},"2":{"start":{"line":8,"column":8},"end":{"line":8,"column":75}},"3":{"start":{"line":11,"column":2},"end":{"line":11,"column":null}},"4":{"start":{"line":5,"column":13},"end":{"line":5,"column":34}}},"fnMap":{"0":{"name":"(anonymous_0)","decl":{"start":{"line":5,"column":0},"end":{"line":5,"column":13}},"loc":{"start":{"line":5,"column":0},"end":{"line":11,"column":null}}},"1":{"name":"(anonymous_2)","decl":{"start":{"line":7,"column":4},"end":{"line":7,"column":18}},"loc":{"start":{"line":7,"column":55},"end":{"line":9,"column":5}}}},"branchMap":{},"s":{"0":2,"1":2,"2":6,"3":2,"4":2},"f":{"0":2,"1":6},"b":{}}
,"D:\\GitHub\\greenspanx\\x-drone-challenge\\src\\algorithm\\Drones.ts": {"path":"D:\\GitHub\\greenspanx\\x-drone-challenge\\src\\algorithm\\Drones.ts","statementMap":{"0":{"start":{"line":1,"column":0},"end":{"line":1,"column":38}},"1":{"start":{"line":2,"column":0},"end":{"line":2,"column":52}},"2":{"start":{"line":3,"column":0},"end":{"line":3,"column":62}},"3":{"start":{"line":6,"column":0},"end":{"line":6,"column":13}},"4":{"start":{"line":11,"column":8},"end":{"line":11,"column":29}},"5":{"start":{"line":12,"column":8},"end":{"line":12,"column":37}},"6":{"start":{"line":15,"column":4},"end":{"line":29,"column":null}},"7":{"start":{"line":16,"column":26},"end":{"line":16,"column":69}},"8":{"start":{"line":17,"column":29},"end":{"line":17,"column":49}},"9":{"start":{"line":18,"column":28},"end":{"line":18,"column":30}},"10":{"start":{"line":20,"column":8},"end":{"line":25,"column":null}},"11":{"start":{"line":20,"column":20},"end":{"line":20,"column":21}},"12":{"start":{"line":21,"column":25},"end":{"line":21,"column":40}},"13":{"start":{"line":22,"column":37},"end":{"line":22,"column":65}},"14":{"start":{"line":23,"column":26},"end":{"line":23,"column":61}},"15":{"start":{"line":24,"column":12},"end":{"line":24,"column":41}},"16":{"start":{"line":27,"column":8},"end":{"line":27,"column":60}},"17":{"start":{"line":32,"column":0},"end":{"line":32,"column":null}},"18":{"start":{"line":6,"column":13},"end":{"line":6,"column":19}}},"fnMap":{"0":{"name":"(anonymous_0)","decl":{"start":{"line":6,"column":0},"end":{"line":6,"column":13}},"loc":{"start":{"line":6,"column":0},"end":{"line":32,"column":null}}},"1":{"name":"Drones","decl":{"start":{"line":10,"column":4},"end":{"line":10,"column":16}},"loc":{"start":{"line":10,"column":50},"end":{"line":13,"column":5}}},"2":{"name":"(anonymous_2)","decl":{"start":{"line":15,"column":4},"end":{"line":15,"column":11}},"loc":{"start":{"line":15,"column":4},"end":{"line":29,"column":5}}}},"branchMap":{},"s":{"0":1,"1":1,"2":1,"3":1,"4":4,"5":4,"6":1,"7":4,"8":4,"9":4,"10":4,"11":4,"12":7,"13":7,"14":7,"15":7,"16":4,"17":1,"18":1},"f":{"0":1,"1":4,"2":4},"b":{}}
,"D:\\GitHub\\greenspanx\\x-drone-challenge\\src\\algorithm\\PhotosCoordinate.ts": {"path":"D:\\GitHub\\greenspanx\\x-drone-challenge\\src\\algorithm\\PhotosCoordinate.ts","statementMap":{"0":{"start":{"line":1,"column":0},"end":{"line":1,"column":13}},"1":{"start":{"line":5,"column":8},"end":{"line":5,"column":null}},"2":{"start":{"line":6,"column":8},"end":{"line":6,"column":null}},"3":{"start":{"line":10,"column":4},"end":{"line":20,"column":6}},"4":{"start":{"line":12,"column":30},"end":{"line":12,"column":32}},"5":{"start":{"line":13,"column":8},"end":{"line":17,"column":null}},"6":{"start":{"line":13,"column":20},"end":{"line":13,"column":21}},"7":{"start":{"line":14,"column":12},"end":{"line":16,"column":null}},"8":{"start":{"line":15,"column":16},"end":{"line":15,"column":38}},"9":{"start":{"line":19,"column":8},"end":{"line":19,"column":29}},"10":{"start":{"line":22,"column":4},"end":{"line":45,"column":null}},"11":{"start":{"line":23,"column":30},"end":{"line":23,"column":71}},"12":{"start":{"line":25,"column":8},"end":{"line":41,"column":null}},"13":{"start":{"line":25,"column":20},"end":{"line":25,"column":21}},"14":{"start":{"line":26,"column":30},"end":{"line":26,"column":75}},"15":{"start":{"line":27,"column":33},"end":{"line":27,"column":44}},"16":{"start":{"line":30,"column":28},"end":{"line":30,"column":77}},"17":{"start":{"line":31,"column":28},"end":{"line":31,"column":76}},"18":{"start":{"line":32,"column":27},"end":{"line":32,"column":75}},"19":{"start":{"line":33,"column":27},"end":{"line":33,"column":75}},"20":{"start":{"line":35,"column":28},"end":{"line":35,"column":51}},"21":{"start":{"line":36,"column":28},"end":{"line":36,"column":53}},"22":{"start":{"line":38,"column":10},"end":{"line":38,"column":56}},"23":{"start":{"line":39,"column":10},"end":{"line":39,"column":55}},"24":{"start":{"line":44,"column":8},"end":{"line":44,"column":37}},"25":{"start":{"line":47,"column":0},"end":{"line":47,"column":null}},"26":{"start":{"line":1,"column":13},"end":{"line":1,"column":29}}},"fnMap":{"0":{"name":"(anonymous_0)","decl":{"start":{"line":1,"column":0},"end":{"line":1,"column":13}},"loc":{"start":{"line":1,"column":0},"end":{"line":47,"column":null}}},"1":{"name":"PhotosCoordinate","decl":{"start":{"line":4,"column":4},"end":{"line":4,"column":16}},"loc":{"start":{"line":4,"column":38},"end":{"line":7,"column":5}}},"2":{"name":"(anonymous_2)","decl":{"start":{"line":10,"column":4},"end":{"line":10,"column":19}},"loc":{"start":{"line":10,"column":35},"end":{"line":20,"column":5}}},"3":{"name":"(anonymous_3)","decl":{"start":{"line":22,"column":4},"end":{"line":22,"column":20}},"loc":{"start":{"line":22,"column":4},"end":{"line":45,"column":7}}}},"branchMap":{"0":{"loc":{"start":{"line":14,"column":12},"end":{"line":16,"column":null}},"type":"if","locations":[{"start":{"line":14,"column":12},"end":{"line":16,"column":null}},{"start":{"line":14,"column":12},"end":{"line":16,"column":null}}]},"1":{"loc":{"start":{"line":30,"column":29},"end":{"line":30,"column":63}},"type":"binary-expr","locations":[{"start":{"line":30,"column":29},"end":{"line":30,"column":63}},{"start":{"line":30,"column":67},"end":{"line":30,"column":69}}]},"2":{"loc":{"start":{"line":31,"column":29},"end":{"line":31,"column":62}},"type":"binary-expr","locations":[{"start":{"line":31,"column":29},"end":{"line":31,"column":62}},{"start":{"line":31,"column":66},"end":{"line":31,"column":68}}]},"3":{"loc":{"start":{"line":32,"column":28},"end":{"line":32,"column":61}},"type":"binary-expr","locations":[{"start":{"line":32,"column":28},"end":{"line":32,"column":61}},{"start":{"line":32,"column":65},"end":{"line":32,"column":67}}]},"4":{"loc":{"start":{"line":33,"column":28},"end":{"line":33,"column":61}},"type":"binary-expr","locations":[{"start":{"line":33,"column":28},"end":{"line":33,"column":61}},{"start":{"line":33,"column":65},"end":{"line":33,"column":67}}]}},"s":{"0":2,"1":8,"2":8,"3":2,"4":8,"5":8,"6":8,"7":67,"8":22,"9":8,"10":2,"11":8,"12":8,"13":8,"14":22,"15":22,"16":22,"17":22,"18":22,"19":22,"20":22,"21":22,"22":22,"23":22,"24":8,"25":2,"26":2},"f":{"0":2,"1":8,"2":8,"3":8},"b":{"0":[22,45],"1":[22,11],"2":[22,16],"3":[22,14],"4":[22,18]}}
}
