TN:
SF:D:\GitHub\greenspanx\x-drone-challenge\src\algorithm\Allocator.ts
FN:1,(anonymous_0)
FN:5,Allocator
FN:15,(anonymous_2)
FN:17,(anonymous_3)
FN:24,(anonymous_4)
FNF:5
FNH:5
FNDA:2,(anonymous_0)
FNDA:7,Allocator
FNDA:7,(anonymous_2)
FNDA:17,(anonymous_3)
FNDA:72,(anonymous_4)
DA:1,2
DA:6,7
DA:7,7
DA:8,7
DA:10,7
DA:11,17
DA:15,2
DA:16,7
DA:17,7
DA:18,17
DA:24,2
DA:26,72
DA:27,72
DA:30,72
DA:31,7
DA:32,5
DA:36,7
DA:37,17
DA:39,7
DA:42,65
DA:43,108
DA:46,65
DA:50,2
LF:23
LH:23
BRDA:30,0,0,7
BRDA:30,0,1,65
BRF:2
BRH:2
end_of_record
TN:
SF:D:\GitHub\greenspanx\x-drone-challenge\src\algorithm\DeduplicateCoordinate.ts
FN:5,(anonymous_0)
FN:7,(anonymous_2)
FNF:2
FNH:2
FNDA:2,(anonymous_0)
FNDA:6,(anonymous_2)
DA:5,2
DA:7,2
DA:8,6
DA:11,2
LF:4
LH:4
BRF:0
BRH:0
end_of_record
TN:
SF:D:\GitHub\greenspanx\x-drone-challenge\src\algorithm\Drones.ts
FN:6,(anonymous_0)
FN:10,Drones
FN:15,(anonymous_2)
FNF:3
FNH:3
FNDA:1,(anonymous_0)
FNDA:4,Drones
FNDA:4,(anonymous_2)
DA:1,1
DA:2,1
DA:3,1
DA:6,1
DA:11,4
DA:12,4
DA:15,1
DA:16,4
DA:17,4
DA:18,4
DA:20,4
DA:21,7
DA:22,7
DA:23,7
DA:24,7
DA:27,4
DA:32,1
LF:17
LH:17
BRF:0
BRH:0
end_of_record
TN:
SF:D:\GitHub\greenspanx\x-drone-challenge\src\algorithm\PhotosCoordinate.ts
FN:1,(anonymous_0)
FN:4,PhotosCoordinate
FN:10,(anonymous_2)
FN:22,(anonymous_3)
FNF:4
FNH:4
FNDA:2,(anonymous_0)
FNDA:8,PhotosCoordinate
FNDA:8,(anonymous_2)
FNDA:8,(anonymous_3)
DA:1,2
DA:5,8
DA:6,8
DA:10,2
DA:12,8
DA:13,8
DA:14,67
DA:15,22
DA:19,8
DA:22,2
DA:23,8
DA:25,8
DA:26,22
DA:27,22
DA:30,22
DA:31,22
DA:32,22
DA:33,22
DA:35,22
DA:36,22
DA:38,22
DA:39,22
DA:44,8
DA:47,2
LF:24
LH:24
BRDA:14,0,0,22
BRDA:14,0,1,45
BRDA:30,1,0,22
BRDA:30,1,1,11
BRDA:31,2,0,22
BRDA:31,2,1,16
BRDA:32,3,0,22
BRDA:32,3,1,14
BRDA:33,4,0,22
BRDA:33,4,1,18
BRF:10
BRH:10
end_of_record
